<?xml version="1.0" encoding="UTF-8"?>
<coverage generated="1765654490302" clover="3.2.0">
  <project timestamp="1765654490302" name="All files">
    <metrics statements="18" coveredstatements="18" conditionals="16" coveredconditionals="15" methods="8" coveredmethods="8" elements="42" coveredelements="41" complexity="0" loc="18" ncloc="18" packages="3" files="6" classes="6"/>
    <package name="components.loading">
      <metrics statements="0" coveredstatements="0" conditionals="0" coveredconditionals="0" methods="0" coveredmethods="0"/>
      <file name="Loading.jsx" path="/Users/nicolas/VsCode/dfe2/dfe2_exp3_s8/src/components/loading/Loading.jsx">
        <metrics statements="0" coveredstatements="0" conditionals="0" coveredconditionals="0" methods="0" coveredmethods="0"/>
      </file>
    </package>
    <package name="layout">
      <metrics statements="8" coveredstatements="8" conditionals="6" coveredconditionals="6" methods="5" coveredmethods="5"/>
      <file name="Footer.jsx" path="/Users/nicolas/VsCode/dfe2/dfe2_exp3_s8/src/layout/Footer.jsx">
        <metrics statements="3" coveredstatements="3" conditionals="0" coveredconditionals="0" methods="1" coveredmethods="1"/>
        <line num="3" count="1" type="stmt"/>
        <line num="4" count="4" type="stmt"/>
        <line num="5" count="4" type="stmt"/>
      </file>
      <file name="Header.jsx" path="/Users/nicolas/VsCode/dfe2/dfe2_exp3_s8/src/layout/Header.jsx">
        <metrics statements="5" coveredstatements="5" conditionals="6" coveredconditionals="6" methods="4" coveredmethods="4"/>
        <line num="3" count="1" type="stmt"/>
        <line num="8" count="1" type="stmt"/>
        <line num="16" count="11" type="cond" truecount="2" falsecount="0"/>
        <line num="19" count="11" type="cond" truecount="2" falsecount="0"/>
        <line num="22" count="11" type="cond" truecount="2" falsecount="0"/>
      </file>
    </package>
    <package name="pages">
      <metrics statements="10" coveredstatements="10" conditionals="10" coveredconditionals="9" methods="3" coveredmethods="3"/>
      <file name="HomePage.jsx" path="/Users/nicolas/VsCode/dfe2/dfe2_exp3_s8/src/pages/HomePage.jsx">
        <metrics statements="1" coveredstatements="1" conditionals="0" coveredconditionals="0" methods="1" coveredmethods="1"/>
        <line num="1" count="1" type="stmt"/>
      </file>
      <file name="RecipeDetailPage.jsx" path="/Users/nicolas/VsCode/dfe2/dfe2_exp3_s8/src/pages/RecipeDetailPage.jsx">
        <metrics statements="8" coveredstatements="8" conditionals="8" coveredconditionals="7" methods="1" coveredmethods="1"/>
        <line num="7" count="1" type="stmt"/>
        <line num="25" count="1" type="stmt"/>
        <line num="26" count="12" type="stmt"/>
        <line num="28" count="12" type="stmt"/>
        <line num="33" count="12" type="cond" truecount="2" falsecount="0"/>
        <line num="41" count="4" type="cond" truecount="2" falsecount="0"/>
        <line num="52" count="3" type="stmt"/>
        <line num="54" count="12" type="cond" truecount="2" falsecount="0"/>
      </file>
      <file name="RecipesPage.jsx" path="/Users/nicolas/VsCode/dfe2/dfe2_exp3_s8/src/pages/RecipesPage.jsx">
        <metrics statements="1" coveredstatements="1" conditionals="2" coveredconditionals="2" methods="1" coveredmethods="1"/>
        <line num="4" count="2" type="stmt"/>
      </file>
    </package>
  </project>
</coverage>
