{"/Users/nicolas/VsCode/dfe2/dfe2_exp3_s8/src/components/loading/Loading.jsx": {"path":"/Users/nicolas/VsCode/dfe2/dfe2_exp3_s8/src/components/loading/Loading.jsx","statementMap":{},"fnMap":{},"branchMap":{},"s":{},"f":{},"b":{},"meta":{"lastBranch":0,"lastFunction":0,"lastStatement":0,"seen":{}}}
,"/Users/nicolas/VsCode/dfe2/dfe2_exp3_s8/src/layout/Footer.jsx": {"path":"/Users/nicolas/VsCode/dfe2/dfe2_exp3_s8/src/layout/Footer.jsx","statementMap":{"0":{"start":{"line":3,"column":15},"end":{"line":25,"column":null}},"1":{"start":{"line":4,"column":15},"end":{"line":4,"column":null}},"2":{"start":{"line":5,"column":20},"end":{"line":5,"column":null}}},"fnMap":{"0":{"name":"(anonymous_0)","decl":{"start":{"line":3,"column":15},"end":{"line":3,"column":null}},"loc":{"start":{"line":3,"column":15},"end":{"line":25,"column":null}},"line":3}},"branchMap":{},"s":{"0":1,"1":4,"2":4},"f":{"0":4},"b":{},"meta":{"lastBranch":0,"lastFunction":1,"lastStatement":3,"seen":{"s:3:15:25:Infinity":0,"f:3:15:3:Infinity":0,"s:4:15:4:Infinity":1,"s:5:20:5:Infinity":2}}}
,"/Users/nicolas/VsCode/dfe2/dfe2_exp3_s8/src/layout/Header.jsx": {"path":"/Users/nicolas/VsCode/dfe2/dfe2_exp3_s8/src/layout/Header.jsx","statementMap":{"0":{"start":{"line":3,"column":18},"end":{"line":6,"column":null}},"1":{"start":{"line":8,"column":15},"end":{"line":28,"column":null}},"2":{"start":{"line":16,"column":55},"end":{"line":16,"column":110}},"3":{"start":{"line":19,"column":66},"end":{"line":19,"column":121}},"4":{"start":{"line":22,"column":63},"end":{"line":22,"column":118}}},"fnMap":{"0":{"name":"(anonymous_0)","decl":{"start":{"line":8,"column":15},"end":{"line":8,"column":null}},"loc":{"start":{"line":8,"column":15},"end":{"line":28,"column":null}},"line":8},"1":{"name":"(anonymous_1)","decl":{"start":{"line":16,"column":39},"end":{"line":16,"column":40}},"loc":{"start":{"line":16,"column":55},"end":{"line":16,"column":110}},"line":16},"2":{"name":"(anonymous_2)","decl":{"start":{"line":19,"column":50},"end":{"line":19,"column":51}},"loc":{"start":{"line":19,"column":66},"end":{"line":19,"column":121}},"line":19},"3":{"name":"(anonymous_3)","decl":{"start":{"line":22,"column":47},"end":{"line":22,"column":48}},"loc":{"start":{"line":22,"column":63},"end":{"line":22,"column":118}},"line":22}},"branchMap":{"0":{"loc":{"start":{"line":16,"column":76},"end":{"line":16,"column":110}},"type":"cond-expr","locations":[{"start":{"line":16,"column":87},"end":{"line":16,"column":103}},{"start":{"line":16,"column":106},"end":{"line":16,"column":110}}],"line":16},"1":{"loc":{"start":{"line":19,"column":87},"end":{"line":19,"column":121}},"type":"cond-expr","locations":[{"start":{"line":19,"column":98},"end":{"line":19,"column":114}},{"start":{"line":19,"column":117},"end":{"line":19,"column":121}}],"line":19},"2":{"loc":{"start":{"line":22,"column":84},"end":{"line":22,"column":118}},"type":"cond-expr","locations":[{"start":{"line":22,"column":95},"end":{"line":22,"column":111}},{"start":{"line":22,"column":114},"end":{"line":22,"column":118}}],"line":22}},"s":{"0":1,"1":1,"2":11,"3":11,"4":11},"f":{"0":11,"1":11,"2":11,"3":11},"b":{"0":[8,3],"1":[1,10],"2":[1,10]},"meta":{"lastBranch":3,"lastFunction":4,"lastStatement":5,"seen":{"s:3:18:6:Infinity":0,"s:8:15:28:Infinity":1,"f:8:15:8:Infinity":0,"f:16:39:16:40":1,"s:16:55:16:110":2,"b:16:87:16:103:16:106:16:110":0,"f:19:50:19:51":2,"s:19:66:19:121":3,"b:19:98:19:114:19:117:19:121":1,"f:22:47:22:48":3,"s:22:63:22:118":4,"b:22:95:22:111:22:114:22:118":2}}}
,"/Users/nicolas/VsCode/dfe2/dfe2_exp3_s8/src/pages/HomePage.jsx": {"path":"/Users/nicolas/VsCode/dfe2/dfe2_exp3_s8/src/pages/HomePage.jsx","statementMap":{"0":{"start":{"line":1,"column":17},"end":{"line":8,"column":null}}},"fnMap":{"0":{"name":"(anonymous_0)","decl":{"start":{"line":1,"column":17},"end":{"line":1,"column":null}},"loc":{"start":{"line":1,"column":17},"end":{"line":8,"column":null}},"line":1}},"branchMap":{},"s":{"0":1},"f":{"0":3},"b":{},"meta":{"lastBranch":0,"lastFunction":1,"lastStatement":1,"seen":{"s:1:17:8:Infinity":0,"f:1:17:1:Infinity":0}}}
,"/Users/nicolas/VsCode/dfe2/dfe2_exp3_s8/src/pages/RecipeDetailPage.jsx": {"path":"/Users/nicolas/VsCode/dfe2/dfe2_exp3_s8/src/pages/RecipeDetailPage.jsx","statementMap":{"0":{"start":{"line":7,"column":34},"end":{"line":22,"column":1}},"1":{"start":{"line":25,"column":25},"end":{"line":115,"column":null}},"2":{"start":{"line":26,"column":14},"end":{"line":26,"column":null}},"3":{"start":{"line":28,"column":32},"end":{"line":31,"column":null}},"4":{"start":{"line":33,"column":2},"end":{"line":39,"column":null}},"5":{"start":{"line":41,"column":2},"end":{"line":50,"column":null}},"6":{"start":{"line":52,"column":17},"end":{"line":52,"column":null}},"7":{"start":{"line":54,"column":2},"end":{"line":62,"column":null}}},"fnMap":{"0":{"name":"(anonymous_0)","decl":{"start":{"line":25,"column":25},"end":{"line":25,"column":null}},"loc":{"start":{"line":25,"column":25},"end":{"line":115,"column":null}},"line":25}},"branchMap":{"0":{"loc":{"start":{"line":33,"column":2},"end":{"line":39,"column":null}},"type":"if","locations":[{"start":{"line":33,"column":2},"end":{"line":39,"column":null}},{"start":{},"end":{}}],"line":33},"1":{"loc":{"start":{"line":41,"column":2},"end":{"line":50,"column":null}},"type":"if","locations":[{"start":{"line":41,"column":2},"end":{"line":50,"column":null}},{"start":{},"end":{}}],"line":41},"2":{"loc":{"start":{"line":54,"column":2},"end":{"line":62,"column":null}},"type":"if","locations":[{"start":{"line":54,"column":2},"end":{"line":62,"column":null}},{"start":{},"end":{}}],"line":54},"3":{"loc":{"start":{"line":101,"column":55},"end":{"line":101,"column":null}},"type":"cond-expr","locations":[{"start":{"line":101,"column":78},"end":{"line":101,"column":98}},{"start":{"line":101,"column":101},"end":{"line":101,"column":null}}],"line":101}},"s":{"0":1,"1":1,"2":12,"3":12,"4":12,"5":4,"6":3,"7":12},"f":{"0":12},"b":{"0":[8,4],"1":[1,3],"2":[1,11],"3":[2,0]},"meta":{"lastBranch":4,"lastFunction":1,"lastStatement":8,"seen":{"s:7:34:22:1":0,"s:25:25:115:Infinity":1,"f:25:25:25:Infinity":0,"s:26:14:26:Infinity":2,"s:28:32:31:Infinity":3,"b:33:2:39:Infinity:undefined:undefined:undefined:undefined":0,"s:33:2:39:Infinity":4,"b:41:2:50:Infinity:undefined:undefined:undefined:undefined":1,"s:41:2:50:Infinity":5,"s:52:17:52:Infinity":6,"b:54:2:62:Infinity:undefined:undefined:undefined:undefined":2,"s:54:2:62:Infinity":7,"b:101:78:101:98:101:101:101:Infinity":3}}}
,"/Users/nicolas/VsCode/dfe2/dfe2_exp3_s8/src/pages/RecipesPage.jsx": {"path":"/Users/nicolas/VsCode/dfe2/dfe2_exp3_s8/src/pages/RecipesPage.jsx","statementMap":{"0":{"start":{"line":4,"column":20},"end":{"line":32,"column":null}}},"fnMap":{"0":{"name":"(anonymous_0)","decl":{"start":{"line":4,"column":20},"end":{"line":4,"column":21}},"loc":{"start":{"line":4,"column":44},"end":{"line":32,"column":null}},"line":4}},"branchMap":{"0":{"loc":{"start":{"line":14,"column":16},"end":{"line":14,"column":33}},"type":"binary-expr","locations":[{"start":{"line":14,"column":16},"end":{"line":14,"column":32}},{"start":{"line":14,"column":32},"end":{"line":14,"column":33}}],"line":14}},"s":{"0":2},"f":{"0":10},"b":{"0":[8,1]},"meta":{"lastBranch":1,"lastFunction":1,"lastStatement":1,"seen":{"s:4:20:32:Infinity":0,"f:4:20:4:21":0,"b:14:16:14:32:14:32:14:33":0}}}
}
