{"/Users/nicolas/VsCode/dfe2/dfe2_exp3_s7/src/components/common/Common.jsx": {"path":"/Users/nicolas/VsCode/dfe2/dfe2_exp3_s7/src/components/common/Common.jsx","statementMap":{"0":{"start":{"line":1,"column":18},"end":{"line":3,"column":null}}},"fnMap":{"0":{"name":"(anonymous_0)","decl":{"start":{"line":1,"column":18},"end":{"line":1,"column":19}},"loc":{"start":{"line":1,"column":26},"end":{"line":3,"column":null}},"line":1}},"branchMap":{},"s":{"0":1},"f":{"0":1},"b":{},"meta":{"lastBranch":0,"lastFunction":1,"lastStatement":1,"seen":{"s:1:18:3:Infinity":0,"f:1:18:1:19":0}}}
,"/Users/nicolas/VsCode/dfe2/dfe2_exp3_s7/src/layout/Footer.jsx": {"path":"/Users/nicolas/VsCode/dfe2/dfe2_exp3_s7/src/layout/Footer.jsx","statementMap":{"0":{"start":{"line":3,"column":15},"end":{"line":25,"column":null}},"1":{"start":{"line":4,"column":15},"end":{"line":4,"column":null}},"2":{"start":{"line":5,"column":20},"end":{"line":5,"column":null}}},"fnMap":{"0":{"name":"(anonymous_0)","decl":{"start":{"line":3,"column":15},"end":{"line":3,"column":null}},"loc":{"start":{"line":3,"column":15},"end":{"line":25,"column":null}},"line":3}},"branchMap":{},"s":{"0":1,"1":4,"2":4},"f":{"0":4},"b":{},"meta":{"lastBranch":0,"lastFunction":1,"lastStatement":3,"seen":{"s:3:15:25:Infinity":0,"f:3:15:3:Infinity":0,"s:4:15:4:Infinity":1,"s:5:20:5:Infinity":2}}}
,"/Users/nicolas/VsCode/dfe2/dfe2_exp3_s7/src/layout/Header.jsx": {"path":"/Users/nicolas/VsCode/dfe2/dfe2_exp3_s7/src/layout/Header.jsx","statementMap":{"0":{"start":{"line":3,"column":18},"end":{"line":6,"column":null}},"1":{"start":{"line":8,"column":15},"end":{"line":28,"column":null}},"2":{"start":{"line":16,"column":55},"end":{"line":16,"column":110}},"3":{"start":{"line":19,"column":65},"end":{"line":19,"column":120}},"4":{"start":{"line":22,"column":63},"end":{"line":22,"column":118}}},"fnMap":{"0":{"name":"(anonymous_0)","decl":{"start":{"line":8,"column":15},"end":{"line":8,"column":null}},"loc":{"start":{"line":8,"column":15},"end":{"line":28,"column":null}},"line":8},"1":{"name":"(anonymous_1)","decl":{"start":{"line":16,"column":39},"end":{"line":16,"column":40}},"loc":{"start":{"line":16,"column":55},"end":{"line":16,"column":110}},"line":16},"2":{"name":"(anonymous_2)","decl":{"start":{"line":19,"column":49},"end":{"line":19,"column":50}},"loc":{"start":{"line":19,"column":65},"end":{"line":19,"column":120}},"line":19},"3":{"name":"(anonymous_3)","decl":{"start":{"line":22,"column":47},"end":{"line":22,"column":48}},"loc":{"start":{"line":22,"column":63},"end":{"line":22,"column":118}},"line":22}},"branchMap":{"0":{"loc":{"start":{"line":16,"column":76},"end":{"line":16,"column":110}},"type":"cond-expr","locations":[{"start":{"line":16,"column":87},"end":{"line":16,"column":103}},{"start":{"line":16,"column":106},"end":{"line":16,"column":110}}],"line":16},"1":{"loc":{"start":{"line":19,"column":86},"end":{"line":19,"column":120}},"type":"cond-expr","locations":[{"start":{"line":19,"column":97},"end":{"line":19,"column":113}},{"start":{"line":19,"column":116},"end":{"line":19,"column":120}}],"line":19},"2":{"loc":{"start":{"line":22,"column":84},"end":{"line":22,"column":118}},"type":"cond-expr","locations":[{"start":{"line":22,"column":95},"end":{"line":22,"column":111}},{"start":{"line":22,"column":114},"end":{"line":22,"column":118}}],"line":22}},"s":{"0":1,"1":1,"2":11,"3":11,"4":11},"f":{"0":11,"1":11,"2":11,"3":11},"b":{"0":[8,3],"1":[1,10],"2":[1,10]},"meta":{"lastBranch":3,"lastFunction":4,"lastStatement":5,"seen":{"s:3:18:6:Infinity":0,"s:8:15:28:Infinity":1,"f:8:15:8:Infinity":0,"f:16:39:16:40":1,"s:16:55:16:110":2,"b:16:87:16:103:16:106:16:110":0,"f:19:49:19:50":2,"s:19:65:19:120":3,"b:19:97:19:113:19:116:19:120":1,"f:22:47:22:48":3,"s:22:63:22:118":4,"b:22:95:22:111:22:114:22:118":2}}}
,"/Users/nicolas/VsCode/dfe2/dfe2_exp3_s7/src/pages/EventDetailPage.jsx": {"path":"/Users/nicolas/VsCode/dfe2/dfe2_exp3_s7/src/pages/EventDetailPage.jsx","statementMap":{"0":{"start":{"line":7,"column":34},"end":{"line":20,"column":1}},"1":{"start":{"line":23,"column":24},"end":{"line":106,"column":null}},"2":{"start":{"line":24,"column":14},"end":{"line":24,"column":null}},"3":{"start":{"line":26,"column":19},"end":{"line":26,"column":null}},"4":{"start":{"line":28,"column":32},"end":{"line":31,"column":null}},"5":{"start":{"line":33,"column":2},"end":{"line":40,"column":null}},"6":{"start":{"line":42,"column":2},"end":{"line":52,"column":null}},"7":{"start":{"line":54,"column":17},"end":{"line":54,"column":null}},"8":{"start":{"line":56,"column":2},"end":{"line":65,"column":null}}},"fnMap":{"0":{"name":"(anonymous_0)","decl":{"start":{"line":23,"column":24},"end":{"line":23,"column":null}},"loc":{"start":{"line":23,"column":24},"end":{"line":106,"column":null}},"line":23}},"branchMap":{"0":{"loc":{"start":{"line":33,"column":2},"end":{"line":40,"column":null}},"type":"if","locations":[{"start":{"line":33,"column":2},"end":{"line":40,"column":null}},{"start":{},"end":{}}],"line":33},"1":{"loc":{"start":{"line":42,"column":2},"end":{"line":52,"column":null}},"type":"if","locations":[{"start":{"line":42,"column":2},"end":{"line":52,"column":null}},{"start":{},"end":{}}],"line":42},"2":{"loc":{"start":{"line":56,"column":2},"end":{"line":65,"column":null}},"type":"if","locations":[{"start":{"line":56,"column":2},"end":{"line":65,"column":null}},{"start":{},"end":{}}],"line":56},"3":{"loc":{"start":{"line":94,"column":28},"end":{"line":94,"column":50}},"type":"binary-expr","locations":[{"start":{"line":94,"column":28},"end":{"line":94,"column":42}},{"start":{"line":94,"column":46},"end":{"line":94,"column":50}}],"line":94}},"s":{"0":1,"1":1,"2":2,"3":2,"4":2,"5":2,"6":1,"7":1,"8":2},"f":{"0":2},"b":{"0":[1,1],"1":[0,1],"2":[0,2],"3":[1,0]},"meta":{"lastBranch":4,"lastFunction":1,"lastStatement":9,"seen":{"s:7:34:20:1":0,"s:23:24:106:Infinity":1,"f:23:24:23:Infinity":0,"s:24:14:24:Infinity":2,"s:26:19:26:Infinity":3,"s:28:32:31:Infinity":4,"b:33:2:40:Infinity:undefined:undefined:undefined:undefined":0,"s:33:2:40:Infinity":5,"b:42:2:52:Infinity:undefined:undefined:undefined:undefined":1,"s:42:2:52:Infinity":6,"s:54:17:54:Infinity":7,"b:56:2:65:Infinity:undefined:undefined:undefined:undefined":2,"s:56:2:65:Infinity":8,"b:94:28:94:42:94:46:94:50":3}}}
,"/Users/nicolas/VsCode/dfe2/dfe2_exp3_s7/src/pages/EventsPage.jsx": {"path":"/Users/nicolas/VsCode/dfe2/dfe2_exp3_s7/src/pages/EventsPage.jsx","statementMap":{"0":{"start":{"line":3,"column":19},"end":{"line":27,"column":null}}},"fnMap":{"0":{"name":"(anonymous_0)","decl":{"start":{"line":3,"column":19},"end":{"line":3,"column":20}},"loc":{"start":{"line":3,"column":43},"end":{"line":27,"column":null}},"line":3}},"branchMap":{"0":{"loc":{"start":{"line":13,"column":16},"end":{"line":13,"column":33}},"type":"binary-expr","locations":[{"start":{"line":13,"column":16},"end":{"line":13,"column":32}},{"start":{"line":13,"column":32},"end":{"line":13,"column":33}}],"line":13}},"s":{"0":2},"f":{"0":8},"b":{"0":[6,0]},"meta":{"lastBranch":1,"lastFunction":1,"lastStatement":1,"seen":{"s:3:19:27:Infinity":0,"f:3:19:3:20":0,"b:13:16:13:32:13:32:13:33":0}}}
,"/Users/nicolas/VsCode/dfe2/dfe2_exp3_s7/src/pages/HomePage.jsx": {"path":"/Users/nicolas/VsCode/dfe2/dfe2_exp3_s7/src/pages/HomePage.jsx","statementMap":{"0":{"start":{"line":1,"column":17},"end":{"line":8,"column":null}}},"fnMap":{"0":{"name":"(anonymous_0)","decl":{"start":{"line":1,"column":17},"end":{"line":1,"column":null}},"loc":{"start":{"line":1,"column":17},"end":{"line":8,"column":null}},"line":1}},"branchMap":{},"s":{"0":1},"f":{"0":3},"b":{},"meta":{"lastBranch":0,"lastFunction":1,"lastStatement":1,"seen":{"s:1:17:8:Infinity":0,"f:1:17:1:Infinity":0}}}
}
